{
  "stats": {
    "suites": 1,
    "tests": 1,
    "passes": 1,
    "pending": 0,
    "failures": 0,
    "start": "2022-05-15T08:35:45.062Z",
    "end": "2022-05-15T08:36:16.994Z",
    "duration": 31932,
    "testsRegistered": 1,
    "passPercent": 100,
    "pendingPercent": 0,
    "other": 0,
    "hasOther": false,
    "skipped": 0,
    "hasSkipped": false
  },
  "results": [
    {
      "uuid": "2fe7e5b5-5c29-4073-8684-924623ef319f",
      "title": "",
      "fullFile": "cypress/integration/examples/Framework.js",
      "file": "cypress/integration/examples/Framework.js",
      "beforeHooks": [],
      "afterHooks": [],
      "tests": [],
      "suites": [
        {
          "uuid": "4708fae3-dcc2-40eb-b060-0da0aad86ae0",
          "title": "Cypress Framework",
          "fullFile": "",
          "file": "",
          "beforeHooks": [],
          "afterHooks": [],
          "tests": [
            {
              "title": "My First Test case",
              "fullTitle": "Cypress Framework My First Test case",
              "timedOut": null,
              "duration": 29785,
              "state": "passed",
              "speed": "slow",
              "pass": true,
              "fail": false,
              "pending": false,
              "context": null,
              "code": "cy.visit(Cypress.env('url') + \"/angularpractice/\");\nconst homePage = new _HomePage.default();\nconst productPage = new _ProductPage.default();\nhomePage.getEditBox().type(this.data.name);\nhomePage.getGender().select(this.data.gender);\nhomePage.getTwoWayDataBinding().should('have.value', this.data.name);\nhomePage.getEditBox().should('have.attr', 'minlength', '2');\nhomePage.getEnterpreneaur().should('be.disabled');\nCypress.config('defaultCommandTimeout', 8000);\nhomePage.getShopTab().click();\nthis.data.product.forEach(function (element) {\n  cy.selectproduct(element);\n});\nproductPage.checkout().click();",
              "err": {},
              "uuid": "b55d1d19-8997-47f0-9dac-991575446325",
              "parentUUID": "4708fae3-dcc2-40eb-b060-0da0aad86ae0",
              "isHook": false,
              "skipped": false
            }
          ],
          "suites": [],
          "passes": [
            "b55d1d19-8997-47f0-9dac-991575446325"
          ],
          "failures": [],
          "pending": [],
          "skipped": [],
          "duration": 29785,
          "root": false,
          "rootEmpty": false,
          "_timeout": 2000
        }
      ],
      "passes": [],
      "failures": [],
      "pending": [],
      "skipped": [],
      "duration": 0,
      "root": true,
      "rootEmpty": true,
      "_timeout": 2000
    }
  ],
  "meta": {
    "mocha": {
      "version": "7.0.1"
    },
    "mochawesome": {
      "options": {
        "quiet": false,
        "reportFilename": "mochawesome",
        "saveHtml": true,
        "saveJson": true,
        "consoleReporter": "spec",
        "useInlineDiffs": false,
        "code": true
      },
      "version": "7.1.3"
    },
    "marge": {
      "options": null,
      "version": "6.2.0"
    }
  }
}